The system is: Linux - 5.10.17-v7l+ - armv7l
Compiling the C compiler identification source file "CMakeCCompilerId.c" succeeded.
Compiler: /usr/bin/cc 
Build flags: 
Id flags:  

The output was:
0


Compilation of the C compiler identification source "CMakeCCompilerId.c" produced "a.out"

The C compiler identification is GNU, found in "/root/src/hatari-1.9.0/CMakeFiles/3.16.3/CompilerIdC/a.out"

Determining if the C compiler works passed with the following output:
Change Dir: /root/src/hatari-1.9.0/CMakeFiles/CMakeTmp

Run Build Command(s):/usr/bin/make cmTC_ed556/fast && /usr/bin/make -f CMakeFiles/cmTC_ed556.dir/build.make CMakeFiles/cmTC_ed556.dir/build
make[1]: Entering directory '/root/src/hatari-1.9.0/CMakeFiles/CMakeTmp'
Building C object CMakeFiles/cmTC_ed556.dir/testCCompiler.c.o
/usr/bin/cc    -o CMakeFiles/cmTC_ed556.dir/testCCompiler.c.o   -c /root/src/hatari-1.9.0/CMakeFiles/CMakeTmp/testCCompiler.c
Linking C executable cmTC_ed556
/usr/bin/cmake -E cmake_link_script CMakeFiles/cmTC_ed556.dir/link.txt --verbose=1
/usr/bin/cc      -rdynamic CMakeFiles/cmTC_ed556.dir/testCCompiler.c.o  -o cmTC_ed556 
make[1]: Leaving directory '/root/src/hatari-1.9.0/CMakeFiles/CMakeTmp'



Detecting C compiler ABI info compiled with the following output:
Change Dir: /root/src/hatari-1.9.0/CMakeFiles/CMakeTmp

Run Build Command(s):/usr/bin/make cmTC_669c2/fast && /usr/bin/make -f CMakeFiles/cmTC_669c2.dir/build.make CMakeFiles/cmTC_669c2.dir/build
make[1]: Entering directory '/root/src/hatari-1.9.0/CMakeFiles/CMakeTmp'
Building C object CMakeFiles/cmTC_669c2.dir/CMakeCCompilerABI.c.o
/usr/bin/cc   -v -o CMakeFiles/cmTC_669c2.dir/CMakeCCompilerABI.c.o   -c /usr/share/cmake-3.16/Modules/CMakeCCompilerABI.c
Using built-in specs.
COLLECT_GCC=/usr/bin/cc
Target: arm-linux-gnueabihf
Configured with: ../src/configure -v --with-pkgversion='Raspbian 8.3.0-6+rpi1' --with-bugurl=file:///usr/share/doc/gcc-8/README.Bugs --enable-languages=c,ada,c++,go,d,fortran,objc,obj-c++ --prefix=/usr --with-gcc-major-version-only --program-suffix=-8 --program-prefix=arm-linux-gnueabihf- --enable-shared --enable-linker-build-id --libexecdir=/usr/lib --without-included-gettext --enable-threads=posix --libdir=/usr/lib --enable-nls --enable-bootstrap --enable-clocale=gnu --enable-libstdcxx-debug --enable-libstdcxx-time=yes --with-default-libstdcxx-abi=new --enable-gnu-unique-object --disable-libitm --disable-libquadmath --disable-libquadmath-support --enable-plugin --with-system-zlib --with-target-system-zlib --enable-objc-gc=auto --enable-multiarch --disable-sjlj-exceptions --with-arch=armv6 --with-fpu=vfp --with-float=hard --disable-werror --enable-checking=release --build=arm-linux-gnueabihf --host=arm-linux-gnueabihf --target=arm-linux-gnueabihf
Thread model: posix
gcc version 8.3.0 (Raspbian 8.3.0-6+rpi1) 
COLLECT_GCC_OPTIONS='-v' '-o' 'CMakeFiles/cmTC_669c2.dir/CMakeCCompilerABI.c.o' '-c'  '-mfloat-abi=hard' '-mfpu=vfp' '-mtls-dialect=gnu' '-marm' '-march=armv6+fp'
 /usr/lib/gcc/arm-linux-gnueabihf/8/cc1 -quiet -v -imultilib . -imultiarch arm-linux-gnueabihf /usr/share/cmake-3.16/Modules/CMakeCCompilerABI.c -quiet -dumpbase CMakeCCompilerABI.c -mfloat-abi=hard -mfpu=vfp -mtls-dialect=gnu -marm -march=armv6+fp -auxbase-strip CMakeFiles/cmTC_669c2.dir/CMakeCCompilerABI.c.o -version -o /tmp/ccxr5X3O.s
GNU C17 (Raspbian 8.3.0-6+rpi1) version 8.3.0 (arm-linux-gnueabihf)
	compiled by GNU C version 8.3.0, GMP version 6.1.2, MPFR version 4.0.2, MPC version 1.1.0, isl version isl-0.20-GMP

GGC heuristics: --param ggc-min-expand=100 --param ggc-min-heapsize=131072
ignoring nonexistent directory "/usr/local/include/arm-linux-gnueabihf"
ignoring nonexistent directory "/usr/lib/gcc/arm-linux-gnueabihf/8/../../../../arm-linux-gnueabihf/include"
#include "..." search starts here:
#include <...> search starts here:
 /usr/lib/gcc/arm-linux-gnueabihf/8/include
 /usr/local/include
 /usr/lib/gcc/arm-linux-gnueabihf/8/include-fixed
 /usr/include/arm-linux-gnueabihf
 /usr/include
End of search list.
GNU C17 (Raspbian 8.3.0-6+rpi1) version 8.3.0 (arm-linux-gnueabihf)
	compiled by GNU C version 8.3.0, GMP version 6.1.2, MPFR version 4.0.2, MPC version 1.1.0, isl version isl-0.20-GMP

GGC heuristics: --param ggc-min-expand=100 --param ggc-min-heapsize=131072
Compiler executable checksum: bcc8c085e8c103b65550a3bb7c44a354
COLLECT_GCC_OPTIONS='-v' '-o' 'CMakeFiles/cmTC_669c2.dir/CMakeCCompilerABI.c.o' '-c'  '-mfloat-abi=hard' '-mfpu=vfp' '-mtls-dialect=gnu' '-marm' '-march=armv6+fp'
 as -v -march=armv6 -mfloat-abi=hard -mfpu=vfp -meabi=5 -o CMakeFiles/cmTC_669c2.dir/CMakeCCompilerABI.c.o /tmp/ccxr5X3O.s
GNU assembler version 2.31.1 (arm-linux-gnueabihf) using BFD version (GNU Binutils for Raspbian) 2.31.1
COMPILER_PATH=/usr/lib/gcc/arm-linux-gnueabihf/8/:/usr/lib/gcc/arm-linux-gnueabihf/8/:/usr/lib/gcc/arm-linux-gnueabihf/:/usr/lib/gcc/arm-linux-gnueabihf/8/:/usr/lib/gcc/arm-linux-gnueabihf/
LIBRARY_PATH=/usr/lib/gcc/arm-linux-gnueabihf/8/:/usr/lib/gcc/arm-linux-gnueabihf/8/../../../arm-linux-gnueabihf/:/usr/lib/gcc/arm-linux-gnueabihf/8/../../../:/lib/arm-linux-gnueabihf/:/lib/:/usr/lib/arm-linux-gnueabihf/:/usr/lib/
COLLECT_GCC_OPTIONS='-v' '-o' 'CMakeFiles/cmTC_669c2.dir/CMakeCCompilerABI.c.o' '-c'  '-mfloat-abi=hard' '-mfpu=vfp' '-mtls-dialect=gnu' '-marm' '-march=armv6+fp'
Linking C executable cmTC_669c2
/usr/bin/cmake -E cmake_link_script CMakeFiles/cmTC_669c2.dir/link.txt --verbose=1
/usr/bin/cc     -v -rdynamic CMakeFiles/cmTC_669c2.dir/CMakeCCompilerABI.c.o  -o cmTC_669c2 
Using built-in specs.
COLLECT_GCC=/usr/bin/cc
COLLECT_LTO_WRAPPER=/usr/lib/gcc/arm-linux-gnueabihf/8/lto-wrapper
Target: arm-linux-gnueabihf
Configured with: ../src/configure -v --with-pkgversion='Raspbian 8.3.0-6+rpi1' --with-bugurl=file:///usr/share/doc/gcc-8/README.Bugs --enable-languages=c,ada,c++,go,d,fortran,objc,obj-c++ --prefix=/usr --with-gcc-major-version-only --program-suffix=-8 --program-prefix=arm-linux-gnueabihf- --enable-shared --enable-linker-build-id --libexecdir=/usr/lib --without-included-gettext --enable-threads=posix --libdir=/usr/lib --enable-nls --enable-bootstrap --enable-clocale=gnu --enable-libstdcxx-debug --enable-libstdcxx-time=yes --with-default-libstdcxx-abi=new --enable-gnu-unique-object --disable-libitm --disable-libquadmath --disable-libquadmath-support --enable-plugin --with-system-zlib --with-target-system-zlib --enable-objc-gc=auto --enable-multiarch --disable-sjlj-exceptions --with-arch=armv6 --with-fpu=vfp --with-float=hard --disable-werror --enable-checking=release --build=arm-linux-gnueabihf --host=arm-linux-gnueabihf --target=arm-linux-gnueabihf
Thread model: posix
gcc version 8.3.0 (Raspbian 8.3.0-6+rpi1) 
COMPILER_PATH=/usr/lib/gcc/arm-linux-gnueabihf/8/:/usr/lib/gcc/arm-linux-gnueabihf/8/:/usr/lib/gcc/arm-linux-gnueabihf/:/usr/lib/gcc/arm-linux-gnueabihf/8/:/usr/lib/gcc/arm-linux-gnueabihf/
LIBRARY_PATH=/usr/lib/gcc/arm-linux-gnueabihf/8/:/usr/lib/gcc/arm-linux-gnueabihf/8/../../../arm-linux-gnueabihf/:/usr/lib/gcc/arm-linux-gnueabihf/8/../../../:/lib/arm-linux-gnueabihf/:/lib/:/usr/lib/arm-linux-gnueabihf/:/usr/lib/
COLLECT_GCC_OPTIONS='-v' '-rdynamic' '-o' 'cmTC_669c2'  '-mfloat-abi=hard' '-mfpu=vfp' '-mtls-dialect=gnu' '-marm' '-march=armv6+fp'
 /usr/lib/gcc/arm-linux-gnueabihf/8/collect2 -plugin /usr/lib/gcc/arm-linux-gnueabihf/8/liblto_plugin.so -plugin-opt=/usr/lib/gcc/arm-linux-gnueabihf/8/lto-wrapper -plugin-opt=-fresolution=/tmp/ccD1c231.res -plugin-opt=-pass-through=-lgcc -plugin-opt=-pass-through=-lgcc_s -plugin-opt=-pass-through=-lc -plugin-opt=-pass-through=-lgcc -plugin-opt=-pass-through=-lgcc_s --build-id --eh-frame-hdr -export-dynamic -dynamic-linker /lib/ld-linux-armhf.so.3 -X --hash-style=gnu -m armelf_linux_eabi -o cmTC_669c2 /usr/lib/gcc/arm-linux-gnueabihf/8/../../../arm-linux-gnueabihf/crt1.o /usr/lib/gcc/arm-linux-gnueabihf/8/../../../arm-linux-gnueabihf/crti.o /usr/lib/gcc/arm-linux-gnueabihf/8/crtbegin.o -L/usr/lib/gcc/arm-linux-gnueabihf/8 -L/usr/lib/gcc/arm-linux-gnueabihf/8/../../../arm-linux-gnueabihf -L/usr/lib/gcc/arm-linux-gnueabihf/8/../../.. -L/lib/arm-linux-gnueabihf -L/usr/lib/arm-linux-gnueabihf CMakeFiles/cmTC_669c2.dir/CMakeCCompilerABI.c.o -lgcc --push-state --as-needed -lgcc_s --pop-state -lc -lgcc --push-state --as-needed -lgcc_s --pop-state /usr/lib/gcc/arm-linux-gnueabihf/8/crtend.o /usr/lib/gcc/arm-linux-gnueabihf/8/../../../arm-linux-gnueabihf/crtn.o
COLLECT_GCC_OPTIONS='-v' '-rdynamic' '-o' 'cmTC_669c2'  '-mfloat-abi=hard' '-mfpu=vfp' '-mtls-dialect=gnu' '-marm' '-march=armv6+fp'
make[1]: Leaving directory '/root/src/hatari-1.9.0/CMakeFiles/CMakeTmp'



Parsed C implicit include dir info from above output: rv=done
  found start of include info
  found start of implicit include info
    add: [/usr/lib/gcc/arm-linux-gnueabihf/8/include]
    add: [/usr/local/include]
    add: [/usr/lib/gcc/arm-linux-gnueabihf/8/include-fixed]
    add: [/usr/include/arm-linux-gnueabihf]
    add: [/usr/include]
  end of search list found
  collapse include dir [/usr/lib/gcc/arm-linux-gnueabihf/8/include] ==> [/usr/lib/gcc/arm-linux-gnueabihf/8/include]
  collapse include dir [/usr/local/include] ==> [/usr/local/include]
  collapse include dir [/usr/lib/gcc/arm-linux-gnueabihf/8/include-fixed] ==> [/usr/lib/gcc/arm-linux-gnueabihf/8/include-fixed]
  collapse include dir [/usr/include/arm-linux-gnueabihf] ==> [/usr/include/arm-linux-gnueabihf]
  collapse include dir [/usr/include] ==> [/usr/include]
  implicit include dirs: [/usr/lib/gcc/arm-linux-gnueabihf/8/include;/usr/local/include;/usr/lib/gcc/arm-linux-gnueabihf/8/include-fixed;/usr/include/arm-linux-gnueabihf;/usr/include]


Parsed C implicit link information from above output:
  link line regex: [^( *|.*[/\])(ld|CMAKE_LINK_STARTFILE-NOTFOUND|([^/\]+-)?ld|collect2)[^/\]*( |$)]
  ignore line: [Change Dir: /root/src/hatari-1.9.0/CMakeFiles/CMakeTmp]
  ignore line: []
  ignore line: [Run Build Command(s):/usr/bin/make cmTC_669c2/fast && /usr/bin/make -f CMakeFiles/cmTC_669c2.dir/build.make CMakeFiles/cmTC_669c2.dir/build]
  ignore line: [make[1]: Entering directory '/root/src/hatari-1.9.0/CMakeFiles/CMakeTmp']
  ignore line: [Building C object CMakeFiles/cmTC_669c2.dir/CMakeCCompilerABI.c.o]
  ignore line: [/usr/bin/cc   -v -o CMakeFiles/cmTC_669c2.dir/CMakeCCompilerABI.c.o   -c /usr/share/cmake-3.16/Modules/CMakeCCompilerABI.c]
  ignore line: [Using built-in specs.]
  ignore line: [COLLECT_GCC=/usr/bin/cc]
  ignore line: [Target: arm-linux-gnueabihf]
  ignore line: [Configured with: ../src/configure -v --with-pkgversion='Raspbian 8.3.0-6+rpi1' --with-bugurl=file:///usr/share/doc/gcc-8/README.Bugs --enable-languages=c ada c++ go d fortran objc obj-c++ --prefix=/usr --with-gcc-major-version-only --program-suffix=-8 --program-prefix=arm-linux-gnueabihf- --enable-shared --enable-linker-build-id --libexecdir=/usr/lib --without-included-gettext --enable-threads=posix --libdir=/usr/lib --enable-nls --enable-bootstrap --enable-clocale=gnu --enable-libstdcxx-debug --enable-libstdcxx-time=yes --with-default-libstdcxx-abi=new --enable-gnu-unique-object --disable-libitm --disable-libquadmath --disable-libquadmath-support --enable-plugin --with-system-zlib --with-target-system-zlib --enable-objc-gc=auto --enable-multiarch --disable-sjlj-exceptions --with-arch=armv6 --with-fpu=vfp --with-float=hard --disable-werror --enable-checking=release --build=arm-linux-gnueabihf --host=arm-linux-gnueabihf --target=arm-linux-gnueabihf]
  ignore line: [Thread model: posix]
  ignore line: [gcc version 8.3.0 (Raspbian 8.3.0-6+rpi1) ]
  ignore line: [COLLECT_GCC_OPTIONS='-v' '-o' 'CMakeFiles/cmTC_669c2.dir/CMakeCCompilerABI.c.o' '-c'  '-mfloat-abi=hard' '-mfpu=vfp' '-mtls-dialect=gnu' '-marm' '-march=armv6+fp']
  ignore line: [ /usr/lib/gcc/arm-linux-gnueabihf/8/cc1 -quiet -v -imultilib . -imultiarch arm-linux-gnueabihf /usr/share/cmake-3.16/Modules/CMakeCCompilerABI.c -quiet -dumpbase CMakeCCompilerABI.c -mfloat-abi=hard -mfpu=vfp -mtls-dialect=gnu -marm -march=armv6+fp -auxbase-strip CMakeFiles/cmTC_669c2.dir/CMakeCCompilerABI.c.o -version -o /tmp/ccxr5X3O.s]
  ignore line: [GNU C17 (Raspbian 8.3.0-6+rpi1) version 8.3.0 (arm-linux-gnueabihf)]
  ignore line: [	compiled by GNU C version 8.3.0  GMP version 6.1.2  MPFR version 4.0.2  MPC version 1.1.0  isl version isl-0.20-GMP]
  ignore line: []
  ignore line: [GGC heuristics: --param ggc-min-expand=100 --param ggc-min-heapsize=131072]
  ignore line: [ignoring nonexistent directory "/usr/local/include/arm-linux-gnueabihf"]
  ignore line: [ignoring nonexistent directory "/usr/lib/gcc/arm-linux-gnueabihf/8/../../../../arm-linux-gnueabihf/include"]
  ignore line: [#include "..." search starts here:]
  ignore line: [#include <...> search starts here:]
  ignore line: [ /usr/lib/gcc/arm-linux-gnueabihf/8/include]
  ignore line: [ /usr/local/include]
  ignore line: [ /usr/lib/gcc/arm-linux-gnueabihf/8/include-fixed]
  ignore line: [ /usr/include/arm-linux-gnueabihf]
  ignore line: [ /usr/include]
  ignore line: [End of search list.]
  ignore line: [GNU C17 (Raspbian 8.3.0-6+rpi1) version 8.3.0 (arm-linux-gnueabihf)]
  ignore line: [	compiled by GNU C version 8.3.0  GMP version 6.1.2  MPFR version 4.0.2  MPC version 1.1.0  isl version isl-0.20-GMP]
  ignore line: []
  ignore line: [GGC heuristics: --param ggc-min-expand=100 --param ggc-min-heapsize=131072]
  ignore line: [Compiler executable checksum: bcc8c085e8c103b65550a3bb7c44a354]
  ignore line: [COLLECT_GCC_OPTIONS='-v' '-o' 'CMakeFiles/cmTC_669c2.dir/CMakeCCompilerABI.c.o' '-c'  '-mfloat-abi=hard' '-mfpu=vfp' '-mtls-dialect=gnu' '-marm' '-march=armv6+fp']
  ignore line: [ as -v -march=armv6 -mfloat-abi=hard -mfpu=vfp -meabi=5 -o CMakeFiles/cmTC_669c2.dir/CMakeCCompilerABI.c.o /tmp/ccxr5X3O.s]
  ignore line: [GNU assembler version 2.31.1 (arm-linux-gnueabihf) using BFD version (GNU Binutils for Raspbian) 2.31.1]
  ignore line: [COMPILER_PATH=/usr/lib/gcc/arm-linux-gnueabihf/8/:/usr/lib/gcc/arm-linux-gnueabihf/8/:/usr/lib/gcc/arm-linux-gnueabihf/:/usr/lib/gcc/arm-linux-gnueabihf/8/:/usr/lib/gcc/arm-linux-gnueabihf/]
  ignore line: [LIBRARY_PATH=/usr/lib/gcc/arm-linux-gnueabihf/8/:/usr/lib/gcc/arm-linux-gnueabihf/8/../../../arm-linux-gnueabihf/:/usr/lib/gcc/arm-linux-gnueabihf/8/../../../:/lib/arm-linux-gnueabihf/:/lib/:/usr/lib/arm-linux-gnueabihf/:/usr/lib/]
  ignore line: [COLLECT_GCC_OPTIONS='-v' '-o' 'CMakeFiles/cmTC_669c2.dir/CMakeCCompilerABI.c.o' '-c'  '-mfloat-abi=hard' '-mfpu=vfp' '-mtls-dialect=gnu' '-marm' '-march=armv6+fp']
  ignore line: [Linking C executable cmTC_669c2]
  ignore line: [/usr/bin/cmake -E cmake_link_script CMakeFiles/cmTC_669c2.dir/link.txt --verbose=1]
  ignore line: [/usr/bin/cc     -v -rdynamic CMakeFiles/cmTC_669c2.dir/CMakeCCompilerABI.c.o  -o cmTC_669c2 ]
  ignore line: [Using built-in specs.]
  ignore line: [COLLECT_GCC=/usr/bin/cc]
  ignore line: [COLLECT_LTO_WRAPPER=/usr/lib/gcc/arm-linux-gnueabihf/8/lto-wrapper]
  ignore line: [Target: arm-linux-gnueabihf]
  ignore line: [Configured with: ../src/configure -v --with-pkgversion='Raspbian 8.3.0-6+rpi1' --with-bugurl=file:///usr/share/doc/gcc-8/README.Bugs --enable-languages=c ada c++ go d fortran objc obj-c++ --prefix=/usr --with-gcc-major-version-only --program-suffix=-8 --program-prefix=arm-linux-gnueabihf- --enable-shared --enable-linker-build-id --libexecdir=/usr/lib --without-included-gettext --enable-threads=posix --libdir=/usr/lib --enable-nls --enable-bootstrap --enable-clocale=gnu --enable-libstdcxx-debug --enable-libstdcxx-time=yes --with-default-libstdcxx-abi=new --enable-gnu-unique-object --disable-libitm --disable-libquadmath --disable-libquadmath-support --enable-plugin --with-system-zlib --with-target-system-zlib --enable-objc-gc=auto --enable-multiarch --disable-sjlj-exceptions --with-arch=armv6 --with-fpu=vfp --with-float=hard --disable-werror --enable-checking=release --build=arm-linux-gnueabihf --host=arm-linux-gnueabihf --target=arm-linux-gnueabihf]
  ignore line: [Thread model: posix]
  ignore line: [gcc version 8.3.0 (Raspbian 8.3.0-6+rpi1) ]
  ignore line: [COMPILER_PATH=/usr/lib/gcc/arm-linux-gnueabihf/8/:/usr/lib/gcc/arm-linux-gnueabihf/8/:/usr/lib/gcc/arm-linux-gnueabihf/:/usr/lib/gcc/arm-linux-gnueabihf/8/:/usr/lib/gcc/arm-linux-gnueabihf/]
  ignore line: [LIBRARY_PATH=/usr/lib/gcc/arm-linux-gnueabihf/8/:/usr/lib/gcc/arm-linux-gnueabihf/8/../../../arm-linux-gnueabihf/:/usr/lib/gcc/arm-linux-gnueabihf/8/../../../:/lib/arm-linux-gnueabihf/:/lib/:/usr/lib/arm-linux-gnueabihf/:/usr/lib/]
  ignore line: [COLLECT_GCC_OPTIONS='-v' '-rdynamic' '-o' 'cmTC_669c2'  '-mfloat-abi=hard' '-mfpu=vfp' '-mtls-dialect=gnu' '-marm' '-march=armv6+fp']
  link line: [ /usr/lib/gcc/arm-linux-gnueabihf/8/collect2 -plugin /usr/lib/gcc/arm-linux-gnueabihf/8/liblto_plugin.so -plugin-opt=/usr/lib/gcc/arm-linux-gnueabihf/8/lto-wrapper -plugin-opt=-fresolution=/tmp/ccD1c231.res -plugin-opt=-pass-through=-lgcc -plugin-opt=-pass-through=-lgcc_s -plugin-opt=-pass-through=-lc -plugin-opt=-pass-through=-lgcc -plugin-opt=-pass-through=-lgcc_s --build-id --eh-frame-hdr -export-dynamic -dynamic-linker /lib/ld-linux-armhf.so.3 -X --hash-style=gnu -m armelf_linux_eabi -o cmTC_669c2 /usr/lib/gcc/arm-linux-gnueabihf/8/../../../arm-linux-gnueabihf/crt1.o /usr/lib/gcc/arm-linux-gnueabihf/8/../../../arm-linux-gnueabihf/crti.o /usr/lib/gcc/arm-linux-gnueabihf/8/crtbegin.o -L/usr/lib/gcc/arm-linux-gnueabihf/8 -L/usr/lib/gcc/arm-linux-gnueabihf/8/../../../arm-linux-gnueabihf -L/usr/lib/gcc/arm-linux-gnueabihf/8/../../.. -L/lib/arm-linux-gnueabihf -L/usr/lib/arm-linux-gnueabihf CMakeFiles/cmTC_669c2.dir/CMakeCCompilerABI.c.o -lgcc --push-state --as-needed -lgcc_s --pop-state -lc -lgcc --push-state --as-needed -lgcc_s --pop-state /usr/lib/gcc/arm-linux-gnueabihf/8/crtend.o /usr/lib/gcc/arm-linux-gnueabihf/8/../../../arm-linux-gnueabihf/crtn.o]
    arg [/usr/lib/gcc/arm-linux-gnueabihf/8/collect2] ==> ignore
    arg [-plugin] ==> ignore
    arg [/usr/lib/gcc/arm-linux-gnueabihf/8/liblto_plugin.so] ==> ignore
    arg [-plugin-opt=/usr/lib/gcc/arm-linux-gnueabihf/8/lto-wrapper] ==> ignore
    arg [-plugin-opt=-fresolution=/tmp/ccD1c231.res] ==> ignore
    arg [-plugin-opt=-pass-through=-lgcc] ==> ignore
    arg [-plugin-opt=-pass-through=-lgcc_s] ==> ignore
    arg [-plugin-opt=-pass-through=-lc] ==> ignore
    arg [-plugin-opt=-pass-through=-lgcc] ==> ignore
    arg [-plugin-opt=-pass-through=-lgcc_s] ==> ignore
    arg [--build-id] ==> ignore
    arg [--eh-frame-hdr] ==> ignore
    arg [-export-dynamic] ==> ignore
    arg [-dynamic-linker] ==> ignore
    arg [/lib/ld-linux-armhf.so.3] ==> ignore
    arg [-X] ==> ignore
    arg [--hash-style=gnu] ==> ignore
    arg [-m] ==> ignore
    arg [armelf_linux_eabi] ==> ignore
    arg [-o] ==> ignore
    arg [cmTC_669c2] ==> ignore
    arg [/usr/lib/gcc/arm-linux-gnueabihf/8/../../../arm-linux-gnueabihf/crt1.o] ==> ignore
    arg [/usr/lib/gcc/arm-linux-gnueabihf/8/../../../arm-linux-gnueabihf/crti.o] ==> ignore
    arg [/usr/lib/gcc/arm-linux-gnueabihf/8/crtbegin.o] ==> ignore
    arg [-L/usr/lib/gcc/arm-linux-gnueabihf/8] ==> dir [/usr/lib/gcc/arm-linux-gnueabihf/8]
    arg [-L/usr/lib/gcc/arm-linux-gnueabihf/8/../../../arm-linux-gnueabihf] ==> dir [/usr/lib/gcc/arm-linux-gnueabihf/8/../../../arm-linux-gnueabihf]
    arg [-L/usr/lib/gcc/arm-linux-gnueabihf/8/../../..] ==> dir [/usr/lib/gcc/arm-linux-gnueabihf/8/../../..]
    arg [-L/lib/arm-linux-gnueabihf] ==> dir [/lib/arm-linux-gnueabihf]
    arg [-L/usr/lib/arm-linux-gnueabihf] ==> dir [/usr/lib/arm-linux-gnueabihf]
    arg [CMakeFiles/cmTC_669c2.dir/CMakeCCompilerABI.c.o] ==> ignore
    arg [-lgcc] ==> lib [gcc]
    arg [--push-state] ==> ignore
    arg [--as-needed] ==> ignore
    arg [-lgcc_s] ==> lib [gcc_s]
    arg [--pop-state] ==> ignore
    arg [-lc] ==> lib [c]
    arg [-lgcc] ==> lib [gcc]
    arg [--push-state] ==> ignore
    arg [--as-needed] ==> ignore
    arg [-lgcc_s] ==> lib [gcc_s]
    arg [--pop-state] ==> ignore
    arg [/usr/lib/gcc/arm-linux-gnueabihf/8/crtend.o] ==> ignore
    arg [/usr/lib/gcc/arm-linux-gnueabihf/8/../../../arm-linux-gnueabihf/crtn.o] ==> ignore
  collapse library dir [/usr/lib/gcc/arm-linux-gnueabihf/8] ==> [/usr/lib/gcc/arm-linux-gnueabihf/8]
  collapse library dir [/usr/lib/gcc/arm-linux-gnueabihf/8/../../../arm-linux-gnueabihf] ==> [/usr/lib/arm-linux-gnueabihf]
  collapse library dir [/usr/lib/gcc/arm-linux-gnueabihf/8/../../..] ==> [/usr/lib]
  collapse library dir [/lib/arm-linux-gnueabihf] ==> [/lib/arm-linux-gnueabihf]
  collapse library dir [/usr/lib/arm-linux-gnueabihf] ==> [/usr/lib/arm-linux-gnueabihf]
  implicit libs: [gcc;gcc_s;c;gcc;gcc_s]
  implicit dirs: [/usr/lib/gcc/arm-linux-gnueabihf/8;/usr/lib/arm-linux-gnueabihf;/usr/lib;/lib/arm-linux-gnueabihf]
  implicit fwks: []


Determining if the include file pthread.h exists passed with the following output:
Change Dir: /root/src/hatari-1.9.0/CMakeFiles/CMakeTmp

Run Build Command(s):/usr/bin/make cmTC_32c22/fast && /usr/bin/make -f CMakeFiles/cmTC_32c22.dir/build.make CMakeFiles/cmTC_32c22.dir/build
make[1]: Entering directory '/root/src/hatari-1.9.0/CMakeFiles/CMakeTmp'
Building C object CMakeFiles/cmTC_32c22.dir/CheckIncludeFile.c.o
/usr/bin/cc    -o CMakeFiles/cmTC_32c22.dir/CheckIncludeFile.c.o   -c /root/src/hatari-1.9.0/CMakeFiles/CMakeTmp/CheckIncludeFile.c
Linking C executable cmTC_32c22
/usr/bin/cmake -E cmake_link_script CMakeFiles/cmTC_32c22.dir/link.txt --verbose=1
/usr/bin/cc      -rdynamic CMakeFiles/cmTC_32c22.dir/CheckIncludeFile.c.o  -o cmTC_32c22 
make[1]: Leaving directory '/root/src/hatari-1.9.0/CMakeFiles/CMakeTmp'



Determining if the function pthread_create exists in the pthread passed with the following output:
Change Dir: /root/src/hatari-1.9.0/CMakeFiles/CMakeTmp

Run Build Command(s):/usr/bin/make cmTC_bc1fd/fast && /usr/bin/make -f CMakeFiles/cmTC_bc1fd.dir/build.make CMakeFiles/cmTC_bc1fd.dir/build
make[1]: Entering directory '/root/src/hatari-1.9.0/CMakeFiles/CMakeTmp'
Building C object CMakeFiles/cmTC_bc1fd.dir/CheckFunctionExists.c.o
/usr/bin/cc   -DCHECK_FUNCTION_EXISTS=pthread_create   -o CMakeFiles/cmTC_bc1fd.dir/CheckFunctionExists.c.o   -c /usr/share/cmake-3.16/Modules/CheckFunctionExists.c
Linking C executable cmTC_bc1fd
/usr/bin/cmake -E cmake_link_script CMakeFiles/cmTC_bc1fd.dir/link.txt --verbose=1
/usr/bin/cc  -DCHECK_FUNCTION_EXISTS=pthread_create    -rdynamic CMakeFiles/cmTC_bc1fd.dir/CheckFunctionExists.c.o  -o cmTC_bc1fd  -lpthread 
make[1]: Leaving directory '/root/src/hatari-1.9.0/CMakeFiles/CMakeTmp'



Determining if the function XOpenDisplay exists in the /usr/lib/arm-linux-gnueabihf/libX11.so;/usr/lib/arm-linux-gnueabihf/libXext.so passed with the following output:
Change Dir: /root/src/hatari-1.9.0/CMakeFiles/CMakeTmp

Run Build Command(s):/usr/bin/make cmTC_88b9f/fast && /usr/bin/make -f CMakeFiles/cmTC_88b9f.dir/build.make CMakeFiles/cmTC_88b9f.dir/build
make[1]: Entering directory '/root/src/hatari-1.9.0/CMakeFiles/CMakeTmp'
Building C object CMakeFiles/cmTC_88b9f.dir/CheckFunctionExists.c.o
/usr/bin/cc   -DCHECK_FUNCTION_EXISTS=XOpenDisplay   -o CMakeFiles/cmTC_88b9f.dir/CheckFunctionExists.c.o   -c /usr/share/cmake-3.16/Modules/CheckFunctionExists.c
Linking C executable cmTC_88b9f
/usr/bin/cmake -E cmake_link_script CMakeFiles/cmTC_88b9f.dir/link.txt --verbose=1
/usr/bin/cc  -DCHECK_FUNCTION_EXISTS=XOpenDisplay    -rdynamic CMakeFiles/cmTC_88b9f.dir/CheckFunctionExists.c.o  -o cmTC_88b9f  /usr/lib/arm-linux-gnueabihf/libX11.so /usr/lib/arm-linux-gnueabihf/libXext.so 
make[1]: Leaving directory '/root/src/hatari-1.9.0/CMakeFiles/CMakeTmp'



Determining if the function gethostbyname exists passed with the following output:
Change Dir: /root/src/hatari-1.9.0/CMakeFiles/CMakeTmp

Run Build Command(s):/usr/bin/make cmTC_d0d02/fast && /usr/bin/make -f CMakeFiles/cmTC_d0d02.dir/build.make CMakeFiles/cmTC_d0d02.dir/build
make[1]: Entering directory '/root/src/hatari-1.9.0/CMakeFiles/CMakeTmp'
Building C object CMakeFiles/cmTC_d0d02.dir/CheckFunctionExists.c.o
/usr/bin/cc   -DCHECK_FUNCTION_EXISTS=gethostbyname   -o CMakeFiles/cmTC_d0d02.dir/CheckFunctionExists.c.o   -c /usr/share/cmake-3.16/Modules/CheckFunctionExists.c
Linking C executable cmTC_d0d02
/usr/bin/cmake -E cmake_link_script CMakeFiles/cmTC_d0d02.dir/link.txt --verbose=1
/usr/bin/cc  -DCHECK_FUNCTION_EXISTS=gethostbyname    -rdynamic CMakeFiles/cmTC_d0d02.dir/CheckFunctionExists.c.o  -o cmTC_d0d02 
make[1]: Leaving directory '/root/src/hatari-1.9.0/CMakeFiles/CMakeTmp'



Determining if the function connect exists passed with the following output:
Change Dir: /root/src/hatari-1.9.0/CMakeFiles/CMakeTmp

Run Build Command(s):/usr/bin/make cmTC_50fd0/fast && /usr/bin/make -f CMakeFiles/cmTC_50fd0.dir/build.make CMakeFiles/cmTC_50fd0.dir/build
make[1]: Entering directory '/root/src/hatari-1.9.0/CMakeFiles/CMakeTmp'
Building C object CMakeFiles/cmTC_50fd0.dir/CheckFunctionExists.c.o
/usr/bin/cc   -DCHECK_FUNCTION_EXISTS=connect   -o CMakeFiles/cmTC_50fd0.dir/CheckFunctionExists.c.o   -c /usr/share/cmake-3.16/Modules/CheckFunctionExists.c
Linking C executable cmTC_50fd0
/usr/bin/cmake -E cmake_link_script CMakeFiles/cmTC_50fd0.dir/link.txt --verbose=1
/usr/bin/cc  -DCHECK_FUNCTION_EXISTS=connect    -rdynamic CMakeFiles/cmTC_50fd0.dir/CheckFunctionExists.c.o  -o cmTC_50fd0 
make[1]: Leaving directory '/root/src/hatari-1.9.0/CMakeFiles/CMakeTmp'



Determining if the function remove exists passed with the following output:
Change Dir: /root/src/hatari-1.9.0/CMakeFiles/CMakeTmp

Run Build Command(s):/usr/bin/make cmTC_9d3d8/fast && /usr/bin/make -f CMakeFiles/cmTC_9d3d8.dir/build.make CMakeFiles/cmTC_9d3d8.dir/build
make[1]: Entering directory '/root/src/hatari-1.9.0/CMakeFiles/CMakeTmp'
Building C object CMakeFiles/cmTC_9d3d8.dir/CheckFunctionExists.c.o
/usr/bin/cc   -DCHECK_FUNCTION_EXISTS=remove   -o CMakeFiles/cmTC_9d3d8.dir/CheckFunctionExists.c.o   -c /usr/share/cmake-3.16/Modules/CheckFunctionExists.c
Linking C executable cmTC_9d3d8
/usr/bin/cmake -E cmake_link_script CMakeFiles/cmTC_9d3d8.dir/link.txt --verbose=1
/usr/bin/cc  -DCHECK_FUNCTION_EXISTS=remove    -rdynamic CMakeFiles/cmTC_9d3d8.dir/CheckFunctionExists.c.o  -o cmTC_9d3d8 
make[1]: Leaving directory '/root/src/hatari-1.9.0/CMakeFiles/CMakeTmp'



Determining if the function shmat exists passed with the following output:
Change Dir: /root/src/hatari-1.9.0/CMakeFiles/CMakeTmp

Run Build Command(s):/usr/bin/make cmTC_f66e4/fast && /usr/bin/make -f CMakeFiles/cmTC_f66e4.dir/build.make CMakeFiles/cmTC_f66e4.dir/build
make[1]: Entering directory '/root/src/hatari-1.9.0/CMakeFiles/CMakeTmp'
Building C object CMakeFiles/cmTC_f66e4.dir/CheckFunctionExists.c.o
/usr/bin/cc   -DCHECK_FUNCTION_EXISTS=shmat   -o CMakeFiles/cmTC_f66e4.dir/CheckFunctionExists.c.o   -c /usr/share/cmake-3.16/Modules/CheckFunctionExists.c
Linking C executable cmTC_f66e4
/usr/bin/cmake -E cmake_link_script CMakeFiles/cmTC_f66e4.dir/link.txt --verbose=1
/usr/bin/cc  -DCHECK_FUNCTION_EXISTS=shmat    -rdynamic CMakeFiles/cmTC_f66e4.dir/CheckFunctionExists.c.o  -o cmTC_f66e4 
make[1]: Leaving directory '/root/src/hatari-1.9.0/CMakeFiles/CMakeTmp'



Determining if files termios.h exist passed with the following output:
Change Dir: /root/src/hatari-1.9.0/CMakeFiles/CMakeTmp

Run Build Command(s):/usr/bin/make cmTC_bec01/fast && /usr/bin/make -f CMakeFiles/cmTC_bec01.dir/build.make CMakeFiles/cmTC_bec01.dir/build
make[1]: Entering directory '/root/src/hatari-1.9.0/CMakeFiles/CMakeTmp'
Building C object CMakeFiles/cmTC_bec01.dir/HAVE_TERMIOS_H.c.o
/usr/bin/cc    -o CMakeFiles/cmTC_bec01.dir/HAVE_TERMIOS_H.c.o   -c /root/src/hatari-1.9.0/CMakeFiles/CheckIncludeFiles/HAVE_TERMIOS_H.c
Linking C executable cmTC_bec01
/usr/bin/cmake -E cmake_link_script CMakeFiles/cmTC_bec01.dir/link.txt --verbose=1
/usr/bin/cc      -rdynamic CMakeFiles/cmTC_bec01.dir/HAVE_TERMIOS_H.c.o  -o cmTC_bec01 
make[1]: Leaving directory '/root/src/hatari-1.9.0/CMakeFiles/CMakeTmp'



Determining if files strings.h exist passed with the following output:
Change Dir: /root/src/hatari-1.9.0/CMakeFiles/CMakeTmp

Run Build Command(s):/usr/bin/make cmTC_3220b/fast && /usr/bin/make -f CMakeFiles/cmTC_3220b.dir/build.make CMakeFiles/cmTC_3220b.dir/build
make[1]: Entering directory '/root/src/hatari-1.9.0/CMakeFiles/CMakeTmp'
Building C object CMakeFiles/cmTC_3220b.dir/HAVE_STRINGS_H.c.o
/usr/bin/cc    -o CMakeFiles/cmTC_3220b.dir/HAVE_STRINGS_H.c.o   -c /root/src/hatari-1.9.0/CMakeFiles/CheckIncludeFiles/HAVE_STRINGS_H.c
Linking C executable cmTC_3220b
/usr/bin/cmake -E cmake_link_script CMakeFiles/cmTC_3220b.dir/link.txt --verbose=1
/usr/bin/cc      -rdynamic CMakeFiles/cmTC_3220b.dir/HAVE_STRINGS_H.c.o  -o cmTC_3220b 
make[1]: Leaving directory '/root/src/hatari-1.9.0/CMakeFiles/CMakeTmp'



Determining if files malloc.h exist passed with the following output:
Change Dir: /root/src/hatari-1.9.0/CMakeFiles/CMakeTmp

Run Build Command(s):/usr/bin/make cmTC_ae1ea/fast && /usr/bin/make -f CMakeFiles/cmTC_ae1ea.dir/build.make CMakeFiles/cmTC_ae1ea.dir/build
make[1]: Entering directory '/root/src/hatari-1.9.0/CMakeFiles/CMakeTmp'
Building C object CMakeFiles/cmTC_ae1ea.dir/HAVE_MALLOC_H.c.o
/usr/bin/cc    -o CMakeFiles/cmTC_ae1ea.dir/HAVE_MALLOC_H.c.o   -c /root/src/hatari-1.9.0/CMakeFiles/CheckIncludeFiles/HAVE_MALLOC_H.c
Linking C executable cmTC_ae1ea
/usr/bin/cmake -E cmake_link_script CMakeFiles/cmTC_ae1ea.dir/link.txt --verbose=1
/usr/bin/cc      -rdynamic CMakeFiles/cmTC_ae1ea.dir/HAVE_MALLOC_H.c.o  -o cmTC_ae1ea 
make[1]: Leaving directory '/root/src/hatari-1.9.0/CMakeFiles/CMakeTmp'



Determining if files /usr/include/SDL/SDL_config.h exist passed with the following output:
Change Dir: /root/src/hatari-1.9.0/CMakeFiles/CMakeTmp

Run Build Command(s):/usr/bin/make cmTC_e1754/fast && /usr/bin/make -f CMakeFiles/cmTC_e1754.dir/build.make CMakeFiles/cmTC_e1754.dir/build
make[1]: Entering directory '/root/src/hatari-1.9.0/CMakeFiles/CMakeTmp'
Building C object CMakeFiles/cmTC_e1754.dir/HAVE_SDL_CONFIG_H.c.o
/usr/bin/cc    -o CMakeFiles/cmTC_e1754.dir/HAVE_SDL_CONFIG_H.c.o   -c /root/src/hatari-1.9.0/CMakeFiles/CheckIncludeFiles/HAVE_SDL_CONFIG_H.c
Linking C executable cmTC_e1754
/usr/bin/cmake -E cmake_link_script CMakeFiles/cmTC_e1754.dir/link.txt --verbose=1
/usr/bin/cc      -rdynamic CMakeFiles/cmTC_e1754.dir/HAVE_SDL_CONFIG_H.c.o  -o cmTC_e1754 
make[1]: Leaving directory '/root/src/hatari-1.9.0/CMakeFiles/CMakeTmp'



Determining if files sys/times.h exist passed with the following output:
Change Dir: /root/src/hatari-1.9.0/CMakeFiles/CMakeTmp

Run Build Command(s):/usr/bin/make cmTC_d38b2/fast && /usr/bin/make -f CMakeFiles/cmTC_d38b2.dir/build.make CMakeFiles/cmTC_d38b2.dir/build
make[1]: Entering directory '/root/src/hatari-1.9.0/CMakeFiles/CMakeTmp'
Building C object CMakeFiles/cmTC_d38b2.dir/HAVE_SYS_TIMES_H.c.o
/usr/bin/cc    -o CMakeFiles/cmTC_d38b2.dir/HAVE_SYS_TIMES_H.c.o   -c /root/src/hatari-1.9.0/CMakeFiles/CheckIncludeFiles/HAVE_SYS_TIMES_H.c
Linking C executable cmTC_d38b2
/usr/bin/cmake -E cmake_link_script CMakeFiles/cmTC_d38b2.dir/link.txt --verbose=1
/usr/bin/cc      -rdynamic CMakeFiles/cmTC_d38b2.dir/HAVE_SYS_TIMES_H.c.o  -o cmTC_d38b2 
make[1]: Leaving directory '/root/src/hatari-1.9.0/CMakeFiles/CMakeTmp'



Determining if files sys/socket.h;sys/un.h exist passed with the following output:
Change Dir: /root/src/hatari-1.9.0/CMakeFiles/CMakeTmp

Run Build Command(s):/usr/bin/make cmTC_22e34/fast && /usr/bin/make -f CMakeFiles/cmTC_22e34.dir/build.make CMakeFiles/cmTC_22e34.dir/build
make[1]: Entering directory '/root/src/hatari-1.9.0/CMakeFiles/CMakeTmp'
Building C object CMakeFiles/cmTC_22e34.dir/HAVE_UNIX_DOMAIN_SOCKETS.c.o
/usr/bin/cc    -o CMakeFiles/cmTC_22e34.dir/HAVE_UNIX_DOMAIN_SOCKETS.c.o   -c /root/src/hatari-1.9.0/CMakeFiles/CheckIncludeFiles/HAVE_UNIX_DOMAIN_SOCKETS.c
Linking C executable cmTC_22e34
/usr/bin/cmake -E cmake_link_script CMakeFiles/cmTC_22e34.dir/link.txt --verbose=1
/usr/bin/cc      -rdynamic CMakeFiles/cmTC_22e34.dir/HAVE_UNIX_DOMAIN_SOCKETS.c.o  -o cmTC_22e34 
make[1]: Leaving directory '/root/src/hatari-1.9.0/CMakeFiles/CMakeTmp'



Determining if the function cfmakeraw exists passed with the following output:
Change Dir: /root/src/hatari-1.9.0/CMakeFiles/CMakeTmp

Run Build Command(s):/usr/bin/make cmTC_82006/fast && /usr/bin/make -f CMakeFiles/cmTC_82006.dir/build.make CMakeFiles/cmTC_82006.dir/build
make[1]: Entering directory '/root/src/hatari-1.9.0/CMakeFiles/CMakeTmp'
Building C object CMakeFiles/cmTC_82006.dir/CheckFunctionExists.c.o
/usr/bin/cc   -DCHECK_FUNCTION_EXISTS=cfmakeraw   -o CMakeFiles/cmTC_82006.dir/CheckFunctionExists.c.o   -c /usr/share/cmake-3.16/Modules/CheckFunctionExists.c
Linking C executable cmTC_82006
/usr/bin/cmake -E cmake_link_script CMakeFiles/cmTC_82006.dir/link.txt --verbose=1
/usr/bin/cc  -DCHECK_FUNCTION_EXISTS=cfmakeraw    -rdynamic CMakeFiles/cmTC_82006.dir/CheckFunctionExists.c.o  -o cmTC_82006 
make[1]: Leaving directory '/root/src/hatari-1.9.0/CMakeFiles/CMakeTmp'



Determining if the function setenv exists passed with the following output:
Change Dir: /root/src/hatari-1.9.0/CMakeFiles/CMakeTmp

Run Build Command(s):/usr/bin/make cmTC_8da11/fast && /usr/bin/make -f CMakeFiles/cmTC_8da11.dir/build.make CMakeFiles/cmTC_8da11.dir/build
make[1]: Entering directory '/root/src/hatari-1.9.0/CMakeFiles/CMakeTmp'
Building C object CMakeFiles/cmTC_8da11.dir/CheckFunctionExists.c.o
/usr/bin/cc   -DCHECK_FUNCTION_EXISTS=setenv   -o CMakeFiles/cmTC_8da11.dir/CheckFunctionExists.c.o   -c /usr/share/cmake-3.16/Modules/CheckFunctionExists.c
Linking C executable cmTC_8da11
/usr/bin/cmake -E cmake_link_script CMakeFiles/cmTC_8da11.dir/link.txt --verbose=1
/usr/bin/cc  -DCHECK_FUNCTION_EXISTS=setenv    -rdynamic CMakeFiles/cmTC_8da11.dir/CheckFunctionExists.c.o  -o cmTC_8da11 
make[1]: Leaving directory '/root/src/hatari-1.9.0/CMakeFiles/CMakeTmp'



Determining if the function select exists passed with the following output:
Change Dir: /root/src/hatari-1.9.0/CMakeFiles/CMakeTmp

Run Build Command(s):/usr/bin/make cmTC_d79bc/fast && /usr/bin/make -f CMakeFiles/cmTC_d79bc.dir/build.make CMakeFiles/cmTC_d79bc.dir/build
make[1]: Entering directory '/root/src/hatari-1.9.0/CMakeFiles/CMakeTmp'
Building C object CMakeFiles/cmTC_d79bc.dir/CheckFunctionExists.c.o
/usr/bin/cc   -DCHECK_FUNCTION_EXISTS=select   -o CMakeFiles/cmTC_d79bc.dir/CheckFunctionExists.c.o   -c /usr/share/cmake-3.16/Modules/CheckFunctionExists.c
Linking C executable cmTC_d79bc
/usr/bin/cmake -E cmake_link_script CMakeFiles/cmTC_d79bc.dir/link.txt --verbose=1
/usr/bin/cc  -DCHECK_FUNCTION_EXISTS=select    -rdynamic CMakeFiles/cmTC_d79bc.dir/CheckFunctionExists.c.o  -o cmTC_d79bc 
make[1]: Leaving directory '/root/src/hatari-1.9.0/CMakeFiles/CMakeTmp'



Determining if the function posix_memalign exists passed with the following output:
Change Dir: /root/src/hatari-1.9.0/CMakeFiles/CMakeTmp

Run Build Command(s):/usr/bin/make cmTC_5d58f/fast && /usr/bin/make -f CMakeFiles/cmTC_5d58f.dir/build.make CMakeFiles/cmTC_5d58f.dir/build
make[1]: Entering directory '/root/src/hatari-1.9.0/CMakeFiles/CMakeTmp'
Building C object CMakeFiles/cmTC_5d58f.dir/CheckFunctionExists.c.o
/usr/bin/cc   -DCHECK_FUNCTION_EXISTS=posix_memalign   -o CMakeFiles/cmTC_5d58f.dir/CheckFunctionExists.c.o   -c /usr/share/cmake-3.16/Modules/CheckFunctionExists.c
<command-line>: warning: conflicting types for built-in function ‘posix_memalign’ [-Wbuiltin-declaration-mismatch]
/usr/share/cmake-3.16/Modules/CheckFunctionExists.c:7:3: note: in expansion of macro ‘CHECK_FUNCTION_EXISTS’
   CHECK_FUNCTION_EXISTS(void);
   ^~~~~~~~~~~~~~~~~~~~~
Linking C executable cmTC_5d58f
/usr/bin/cmake -E cmake_link_script CMakeFiles/cmTC_5d58f.dir/link.txt --verbose=1
/usr/bin/cc  -DCHECK_FUNCTION_EXISTS=posix_memalign    -rdynamic CMakeFiles/cmTC_5d58f.dir/CheckFunctionExists.c.o  -o cmTC_5d58f 
make[1]: Leaving directory '/root/src/hatari-1.9.0/CMakeFiles/CMakeTmp'



Determining if the function memalign exists passed with the following output:
Change Dir: /root/src/hatari-1.9.0/CMakeFiles/CMakeTmp

Run Build Command(s):/usr/bin/make cmTC_a31a4/fast && /usr/bin/make -f CMakeFiles/cmTC_a31a4.dir/build.make CMakeFiles/cmTC_a31a4.dir/build
make[1]: Entering directory '/root/src/hatari-1.9.0/CMakeFiles/CMakeTmp'
Building C object CMakeFiles/cmTC_a31a4.dir/CheckFunctionExists.c.o
/usr/bin/cc   -DCHECK_FUNCTION_EXISTS=memalign   -o CMakeFiles/cmTC_a31a4.dir/CheckFunctionExists.c.o   -c /usr/share/cmake-3.16/Modules/CheckFunctionExists.c
Linking C executable cmTC_a31a4
/usr/bin/cmake -E cmake_link_script CMakeFiles/cmTC_a31a4.dir/link.txt --verbose=1
/usr/bin/cc  -DCHECK_FUNCTION_EXISTS=memalign    -rdynamic CMakeFiles/cmTC_a31a4.dir/CheckFunctionExists.c.o  -o cmTC_a31a4 
make[1]: Leaving directory '/root/src/hatari-1.9.0/CMakeFiles/CMakeTmp'



Determining if the function gettimeofday exists passed with the following output:
Change Dir: /root/src/hatari-1.9.0/CMakeFiles/CMakeTmp

Run Build Command(s):/usr/bin/make cmTC_536b6/fast && /usr/bin/make -f CMakeFiles/cmTC_536b6.dir/build.make CMakeFiles/cmTC_536b6.dir/build
make[1]: Entering directory '/root/src/hatari-1.9.0/CMakeFiles/CMakeTmp'
Building C object CMakeFiles/cmTC_536b6.dir/CheckFunctionExists.c.o
/usr/bin/cc   -DCHECK_FUNCTION_EXISTS=gettimeofday   -o CMakeFiles/cmTC_536b6.dir/CheckFunctionExists.c.o   -c /usr/share/cmake-3.16/Modules/CheckFunctionExists.c
Linking C executable cmTC_536b6
/usr/bin/cmake -E cmake_link_script CMakeFiles/cmTC_536b6.dir/link.txt --verbose=1
/usr/bin/cc  -DCHECK_FUNCTION_EXISTS=gettimeofday    -rdynamic CMakeFiles/cmTC_536b6.dir/CheckFunctionExists.c.o  -o cmTC_536b6 
make[1]: Leaving directory '/root/src/hatari-1.9.0/CMakeFiles/CMakeTmp'



Determining if the function nanosleep exists passed with the following output:
Change Dir: /root/src/hatari-1.9.0/CMakeFiles/CMakeTmp

Run Build Command(s):/usr/bin/make cmTC_625c7/fast && /usr/bin/make -f CMakeFiles/cmTC_625c7.dir/build.make CMakeFiles/cmTC_625c7.dir/build
make[1]: Entering directory '/root/src/hatari-1.9.0/CMakeFiles/CMakeTmp'
Building C object CMakeFiles/cmTC_625c7.dir/CheckFunctionExists.c.o
/usr/bin/cc   -DCHECK_FUNCTION_EXISTS=nanosleep   -o CMakeFiles/cmTC_625c7.dir/CheckFunctionExists.c.o   -c /usr/share/cmake-3.16/Modules/CheckFunctionExists.c
Linking C executable cmTC_625c7
/usr/bin/cmake -E cmake_link_script CMakeFiles/cmTC_625c7.dir/link.txt --verbose=1
/usr/bin/cc  -DCHECK_FUNCTION_EXISTS=nanosleep    -rdynamic CMakeFiles/cmTC_625c7.dir/CheckFunctionExists.c.o  -o cmTC_625c7 
make[1]: Leaving directory '/root/src/hatari-1.9.0/CMakeFiles/CMakeTmp'



Determining if the function alphasort exists passed with the following output:
Change Dir: /root/src/hatari-1.9.0/CMakeFiles/CMakeTmp

Run Build Command(s):/usr/bin/make cmTC_8cde9/fast && /usr/bin/make -f CMakeFiles/cmTC_8cde9.dir/build.make CMakeFiles/cmTC_8cde9.dir/build
make[1]: Entering directory '/root/src/hatari-1.9.0/CMakeFiles/CMakeTmp'
Building C object CMakeFiles/cmTC_8cde9.dir/CheckFunctionExists.c.o
/usr/bin/cc   -DCHECK_FUNCTION_EXISTS=alphasort   -o CMakeFiles/cmTC_8cde9.dir/CheckFunctionExists.c.o   -c /usr/share/cmake-3.16/Modules/CheckFunctionExists.c
Linking C executable cmTC_8cde9
/usr/bin/cmake -E cmake_link_script CMakeFiles/cmTC_8cde9.dir/link.txt --verbose=1
/usr/bin/cc  -DCHECK_FUNCTION_EXISTS=alphasort    -rdynamic CMakeFiles/cmTC_8cde9.dir/CheckFunctionExists.c.o  -o cmTC_8cde9 
make[1]: Leaving directory '/root/src/hatari-1.9.0/CMakeFiles/CMakeTmp'



Determining if the function scandir exists passed with the following output:
Change Dir: /root/src/hatari-1.9.0/CMakeFiles/CMakeTmp

Run Build Command(s):/usr/bin/make cmTC_75c73/fast && /usr/bin/make -f CMakeFiles/cmTC_75c73.dir/build.make CMakeFiles/cmTC_75c73.dir/build
make[1]: Entering directory '/root/src/hatari-1.9.0/CMakeFiles/CMakeTmp'
Building C object CMakeFiles/cmTC_75c73.dir/CheckFunctionExists.c.o
/usr/bin/cc   -DCHECK_FUNCTION_EXISTS=scandir   -o CMakeFiles/cmTC_75c73.dir/CheckFunctionExists.c.o   -c /usr/share/cmake-3.16/Modules/CheckFunctionExists.c
Linking C executable cmTC_75c73
/usr/bin/cmake -E cmake_link_script CMakeFiles/cmTC_75c73.dir/link.txt --verbose=1
/usr/bin/cc  -DCHECK_FUNCTION_EXISTS=scandir    -rdynamic CMakeFiles/cmTC_75c73.dir/CheckFunctionExists.c.o  -o cmTC_75c73 
make[1]: Leaving directory '/root/src/hatari-1.9.0/CMakeFiles/CMakeTmp'



Determining if the function statvfs exists passed with the following output:
Change Dir: /root/src/hatari-1.9.0/CMakeFiles/CMakeTmp

Run Build Command(s):/usr/bin/make cmTC_a69f4/fast && /usr/bin/make -f CMakeFiles/cmTC_a69f4.dir/build.make CMakeFiles/cmTC_a69f4.dir/build
make[1]: Entering directory '/root/src/hatari-1.9.0/CMakeFiles/CMakeTmp'
Building C object CMakeFiles/cmTC_a69f4.dir/CheckFunctionExists.c.o
/usr/bin/cc   -DCHECK_FUNCTION_EXISTS=statvfs   -o CMakeFiles/cmTC_a69f4.dir/CheckFunctionExists.c.o   -c /usr/share/cmake-3.16/Modules/CheckFunctionExists.c
Linking C executable cmTC_a69f4
/usr/bin/cmake -E cmake_link_script CMakeFiles/cmTC_a69f4.dir/link.txt --verbose=1
/usr/bin/cc  -DCHECK_FUNCTION_EXISTS=statvfs    -rdynamic CMakeFiles/cmTC_a69f4.dir/CheckFunctionExists.c.o  -o cmTC_a69f4 
make[1]: Leaving directory '/root/src/hatari-1.9.0/CMakeFiles/CMakeTmp'



Determining if the function fseeko exists passed with the following output:
Change Dir: /root/src/hatari-1.9.0/CMakeFiles/CMakeTmp

Run Build Command(s):/usr/bin/make cmTC_22b07/fast && /usr/bin/make -f CMakeFiles/cmTC_22b07.dir/build.make CMakeFiles/cmTC_22b07.dir/build
make[1]: Entering directory '/root/src/hatari-1.9.0/CMakeFiles/CMakeTmp'
Building C object CMakeFiles/cmTC_22b07.dir/CheckFunctionExists.c.o
/usr/bin/cc   -DCHECK_FUNCTION_EXISTS=fseeko   -o CMakeFiles/cmTC_22b07.dir/CheckFunctionExists.c.o   -c /usr/share/cmake-3.16/Modules/CheckFunctionExists.c
Linking C executable cmTC_22b07
/usr/bin/cmake -E cmake_link_script CMakeFiles/cmTC_22b07.dir/link.txt --verbose=1
/usr/bin/cc  -DCHECK_FUNCTION_EXISTS=fseeko    -rdynamic CMakeFiles/cmTC_22b07.dir/CheckFunctionExists.c.o  -o cmTC_22b07 
make[1]: Leaving directory '/root/src/hatari-1.9.0/CMakeFiles/CMakeTmp'



Determining if the function ftello exists passed with the following output:
Change Dir: /root/src/hatari-1.9.0/CMakeFiles/CMakeTmp

Run Build Command(s):/usr/bin/make cmTC_77f0d/fast && /usr/bin/make -f CMakeFiles/cmTC_77f0d.dir/build.make CMakeFiles/cmTC_77f0d.dir/build
make[1]: Entering directory '/root/src/hatari-1.9.0/CMakeFiles/CMakeTmp'
Building C object CMakeFiles/cmTC_77f0d.dir/CheckFunctionExists.c.o
/usr/bin/cc   -DCHECK_FUNCTION_EXISTS=ftello   -o CMakeFiles/cmTC_77f0d.dir/CheckFunctionExists.c.o   -c /usr/share/cmake-3.16/Modules/CheckFunctionExists.c
Linking C executable cmTC_77f0d
/usr/bin/cmake -E cmake_link_script CMakeFiles/cmTC_77f0d.dir/link.txt --verbose=1
/usr/bin/cc  -DCHECK_FUNCTION_EXISTS=ftello    -rdynamic CMakeFiles/cmTC_77f0d.dir/CheckFunctionExists.c.o  -o cmTC_77f0d 
make[1]: Leaving directory '/root/src/hatari-1.9.0/CMakeFiles/CMakeTmp'



Determining if the function flock exists passed with the following output:
Change Dir: /root/src/hatari-1.9.0/CMakeFiles/CMakeTmp

Run Build Command(s):/usr/bin/make cmTC_304ef/fast && /usr/bin/make -f CMakeFiles/cmTC_304ef.dir/build.make CMakeFiles/cmTC_304ef.dir/build
make[1]: Entering directory '/root/src/hatari-1.9.0/CMakeFiles/CMakeTmp'
Building C object CMakeFiles/cmTC_304ef.dir/CheckFunctionExists.c.o
/usr/bin/cc   -DCHECK_FUNCTION_EXISTS=flock   -o CMakeFiles/cmTC_304ef.dir/CheckFunctionExists.c.o   -c /usr/share/cmake-3.16/Modules/CheckFunctionExists.c
Linking C executable cmTC_304ef
/usr/bin/cmake -E cmake_link_script CMakeFiles/cmTC_304ef.dir/link.txt --verbose=1
/usr/bin/cc  -DCHECK_FUNCTION_EXISTS=flock    -rdynamic CMakeFiles/cmTC_304ef.dir/CheckFunctionExists.c.o  -o cmTC_304ef 
make[1]: Leaving directory '/root/src/hatari-1.9.0/CMakeFiles/CMakeTmp'



Performing C SOURCE FILE Test HAVE_DIRENT_D_TYPE succeeded with the following output:
Change Dir: /root/src/hatari-1.9.0/CMakeFiles/CMakeTmp

Run Build Command(s):/usr/bin/make cmTC_8c54a/fast && /usr/bin/make -f CMakeFiles/cmTC_8c54a.dir/build.make CMakeFiles/cmTC_8c54a.dir/build
make[1]: Entering directory '/root/src/hatari-1.9.0/CMakeFiles/CMakeTmp'
Building C object CMakeFiles/cmTC_8c54a.dir/src.c.o
/usr/bin/cc   -DHAVE_DIRENT_D_TYPE   -o CMakeFiles/cmTC_8c54a.dir/src.c.o   -c /root/src/hatari-1.9.0/CMakeFiles/CMakeTmp/src.c
Linking C executable cmTC_8c54a
/usr/bin/cmake -E cmake_link_script CMakeFiles/cmTC_8c54a.dir/link.txt --verbose=1
/usr/bin/cc  -DHAVE_DIRENT_D_TYPE    -rdynamic CMakeFiles/cmTC_8c54a.dir/src.c.o  -o cmTC_8c54a 
make[1]: Leaving directory '/root/src/hatari-1.9.0/CMakeFiles/CMakeTmp'


Source file was:

#include <dirent.h>

int main()
{
  (void)sizeof(((struct dirent *)0)->d_type);
  return 0;
}

